<?xml version="1.0" encoding="UTF-8"?>
<testng-results skipped="0" failed="3" ignored="2" total="11" passed="6">
  <reporter-output>
  </reporter-output>
  <suite name="Ecommerce regression suite" duration-ms="49339" started-at="2020-11-01T02:13:12Z" finished-at="2020-11-01T02:14:01Z">
    <groups>
    </groups>
    <test name="Ecommerce WomensPage" duration-ms="21389" started-at="2020-11-01T02:13:12Z" finished-at="2020-11-01T02:13:33Z">
      <class name="com.qa.tests.WomensPageTest">
        <test-method status="PASS" signature="initialize()[pri:0, instance:com.qa.tests.WomensPageTest@60e9df3c]" name="initialize" is-config="true" duration-ms="14950" started-at="2020-11-01T02:13:13Z" finished-at="2020-11-01T02:13:28Z">
          <reporter-output>
          </reporter-output>
        </test-method> <!-- initialize -->
        <test-method status="PASS" signature="Numberdresses(java.lang.String, java.lang.String)[pri:0, instance:com.qa.tests.WomensPageTest@60e9df3c]" name="Numberdresses" duration-ms="4293" started-at="2020-11-01T02:13:28Z" finished-at="2020-11-01T02:13:32Z">
          <params>
            <param index="0">
              <value>
                <![CDATA[STORY-123]]>
              </value>
            </param>
            <param index="1">
              <value>
                <![CDATA[This is my description]]>
              </value>
            </param>
          </params>
          <reporter-output>
          </reporter-output>
        </test-method> <!-- Numberdresses -->
        <test-method status="PASS" signature="Listdresses(java.lang.String)[pri:0, instance:com.qa.tests.WomensPageTest@60e9df3c]" name="Listdresses" duration-ms="328" started-at="2020-11-01T02:13:32Z" finished-at="2020-11-01T02:13:32Z">
          <params>
            <param index="0">
              <value>
                <![CDATA[STORY-123]]>
              </value>
            </param>
          </params>
          <reporter-output>
          </reporter-output>
        </test-method> <!-- Listdresses -->
        <test-method status="PASS" signature="Discountdresses(java.lang.String)[pri:0, instance:com.qa.tests.WomensPageTest@60e9df3c]" name="Discountdresses" duration-ms="131" started-at="2020-11-01T02:13:32Z" finished-at="2020-11-01T02:13:32Z">
          <params>
            <param index="0">
              <value>
                <![CDATA[STORY-123]]>
              </value>
            </param>
          </params>
          <reporter-output>
          </reporter-output>
        </test-method> <!-- Discountdresses -->
        <test-method status="PASS" signature="teardown()[pri:0, instance:com.qa.tests.WomensPageTest@60e9df3c]" name="teardown" is-config="true" duration-ms="1082" started-at="2020-11-01T02:13:32Z" finished-at="2020-11-01T02:13:33Z">
          <reporter-output>
          </reporter-output>
        </test-method> <!-- teardown -->
      </class> <!-- com.qa.tests.WomensPageTest -->
    </test> <!-- Ecommerce WomensPage -->
    <test name="Ecommerce TShirtsPage" duration-ms="21608" started-at="2020-11-01T02:13:12Z" finished-at="2020-11-01T02:13:34Z">
      <class name="com.qa.tests.TShirtsPageTest">
        <test-method status="PASS" signature="initialize()[pri:0, instance:com.qa.tests.TShirtsPageTest@304b9f1a]" name="initialize" is-config="true" duration-ms="15288" started-at="2020-11-01T02:13:12Z" finished-at="2020-11-01T02:13:27Z">
          <reporter-output>
          </reporter-output>
        </test-method> <!-- initialize -->
        <test-method status="PASS" signature="Numberdresses(java.lang.String)[pri:0, instance:com.qa.tests.TShirtsPageTest@304b9f1a]" name="Numberdresses" duration-ms="3564" started-at="2020-11-01T02:13:27Z" finished-at="2020-11-01T02:13:31Z">
          <params>
            <param index="0">
              <value>
                <![CDATA[STORY-123]]>
              </value>
            </param>
          </params>
          <reporter-output>
          </reporter-output>
        </test-method> <!-- Numberdresses -->
        <test-method status="PASS" signature="Listdresses(java.lang.String)[pri:0, instance:com.qa.tests.TShirtsPageTest@304b9f1a]" name="Listdresses" duration-ms="98" started-at="2020-11-01T02:13:31Z" finished-at="2020-11-01T02:13:31Z">
          <params>
            <param index="0">
              <value>
                <![CDATA[STORY-123]]>
              </value>
            </param>
          </params>
          <reporter-output>
          </reporter-output>
        </test-method> <!-- Listdresses -->
        <test-method status="PASS" signature="Pricedresses(java.lang.String)[pri:0, instance:com.qa.tests.TShirtsPageTest@304b9f1a]" name="Pricedresses" duration-ms="100" started-at="2020-11-01T02:13:31Z" finished-at="2020-11-01T02:13:31Z">
          <params>
            <param index="0">
              <value>
                <![CDATA[STORY-123]]>
              </value>
            </param>
          </params>
          <reporter-output>
          </reporter-output>
        </test-method> <!-- Pricedresses -->
        <test-method status="PASS" signature="teardown()[pri:0, instance:com.qa.tests.TShirtsPageTest@304b9f1a]" name="teardown" is-config="true" duration-ms="2419" started-at="2020-11-01T02:13:31Z" finished-at="2020-11-01T02:13:34Z">
          <reporter-output>
          </reporter-output>
        </test-method> <!-- teardown -->
      </class> <!-- com.qa.tests.TShirtsPageTest -->
    </test> <!-- Ecommerce TShirtsPage -->
    <test name="Ecommerce DressesPage" duration-ms="49339" started-at="2020-11-01T02:13:12Z" finished-at="2020-11-01T02:14:01Z">
      <class name="com.qa.tests.DressesPageTest">
        <test-method status="PASS" signature="initialize()[pri:0, instance:com.qa.tests.DressesPageTest@6974a715]" name="initialize" is-config="true" duration-ms="15090" started-at="2020-11-01T02:13:13Z" finished-at="2020-11-01T02:13:28Z">
          <reporter-output>
          </reporter-output>
        </test-method> <!-- initialize -->
        <test-method status="FAIL" signature="Listdresses(java.lang.String)[pri:0, instance:com.qa.tests.DressesPageTest@6974a715]" name="Listdresses" duration-ms="10067" started-at="2020-11-01T02:13:28Z" finished-at="2020-11-01T02:13:38Z">
          <params>
            <param index="0">
              <value>
                <![CDATA[STORY-123]]>
              </value>
            </param>
          </params>
          <exception class="java.lang.AssertionError">
            <message>
              <![CDATA[lists don't have the same size expected [5] but found [0]]]>
            </message>
            <full-stacktrace>
              <![CDATA[java.lang.AssertionError: lists don't have the same size expected [5] but found [0]
at org.testng.Assert.fail(Assert.java:96)
at org.testng.Assert.failNotEquals(Assert.java:776)
at org.testng.Assert.assertEqualsImpl(Assert.java:137)
at org.testng.Assert.assertEquals(Assert.java:118)
at org.testng.Assert.assertEquals(Assert.java:652)
at org.testng.Assert.assertEquals(Assert.java:819)
at org.testng.Assert.assertEquals(Assert.java:796)
at com.qa.tests.DressesPageTest.Listdresses(DressesPageTest.java:42)
at sun.reflect.NativeMethodAccessorImpl.invoke0(Native Method)
at sun.reflect.NativeMethodAccessorImpl.invoke(NativeMethodAccessorImpl.java:62)
at sun.reflect.DelegatingMethodAccessorImpl.invoke(DelegatingMethodAccessorImpl.java:43)
at java.lang.reflect.Method.invoke(Method.java:498)
at org.testng.internal.MethodInvocationHelper.invokeMethod(MethodInvocationHelper.java:124)
at org.testng.internal.Invoker.invokeMethod(Invoker.java:583)
at org.testng.internal.Invoker.invokeTestMethod(Invoker.java:719)
at org.testng.internal.Invoker.invokeTestMethods(Invoker.java:989)
at org.testng.internal.TestMethodWorker.invokeTestMethods(TestMethodWorker.java:125)
at org.testng.internal.TestMethodWorker.run(TestMethodWorker.java:109)
at org.testng.TestRunner.privateRun(TestRunner.java:648)
at org.testng.TestRunner.run(TestRunner.java:505)
at org.testng.SuiteRunner.runTest(SuiteRunner.java:455)
at org.testng.SuiteRunner.access$000(SuiteRunner.java:40)
at org.testng.SuiteRunner$SuiteWorker.run(SuiteRunner.java:489)
at org.testng.internal.thread.ThreadUtil$1.call(ThreadUtil.java:52)
at java.util.concurrent.FutureTask.run(FutureTask.java:266)
at java.util.concurrent.ThreadPoolExecutor.runWorker(ThreadPoolExecutor.java:1149)
at java.util.concurrent.ThreadPoolExecutor$Worker.run(ThreadPoolExecutor.java:624)
at java.lang.Thread.run(Thread.java:748)
]]>
            </full-stacktrace>
          </exception> <!-- java.lang.AssertionError -->
          <reporter-output>
          </reporter-output>
        </test-method> <!-- Listdresses -->
        <test-method status="FAIL" signature="Pricedresses(java.lang.String)[pri:0, instance:com.qa.tests.DressesPageTest@6974a715]" name="Pricedresses" duration-ms="10075" started-at="2020-11-01T02:13:39Z" finished-at="2020-11-01T02:13:49Z">
          <params>
            <param index="0">
              <value>
                <![CDATA[STORY-123]]>
              </value>
            </param>
          </params>
          <exception class="java.lang.AssertionError">
            <message>
              <![CDATA[lists don't have the same size expected [5] but found [0]]]>
            </message>
            <full-stacktrace>
              <![CDATA[java.lang.AssertionError: lists don't have the same size expected [5] but found [0]
at org.testng.Assert.fail(Assert.java:96)
at org.testng.Assert.failNotEquals(Assert.java:776)
at org.testng.Assert.assertEqualsImpl(Assert.java:137)
at org.testng.Assert.assertEquals(Assert.java:118)
at org.testng.Assert.assertEquals(Assert.java:652)
at org.testng.Assert.assertEquals(Assert.java:819)
at org.testng.Assert.assertEquals(Assert.java:796)
at com.qa.tests.DressesPageTest.Pricedresses(DressesPageTest.java:52)
at sun.reflect.NativeMethodAccessorImpl.invoke0(Native Method)
at sun.reflect.NativeMethodAccessorImpl.invoke(NativeMethodAccessorImpl.java:62)
at sun.reflect.DelegatingMethodAccessorImpl.invoke(DelegatingMethodAccessorImpl.java:43)
at java.lang.reflect.Method.invoke(Method.java:498)
at org.testng.internal.MethodInvocationHelper.invokeMethod(MethodInvocationHelper.java:124)
at org.testng.internal.Invoker.invokeMethod(Invoker.java:583)
at org.testng.internal.Invoker.invokeTestMethod(Invoker.java:719)
at org.testng.internal.Invoker.invokeTestMethods(Invoker.java:989)
at org.testng.internal.TestMethodWorker.invokeTestMethods(TestMethodWorker.java:125)
at org.testng.internal.TestMethodWorker.run(TestMethodWorker.java:109)
at org.testng.TestRunner.privateRun(TestRunner.java:648)
at org.testng.TestRunner.run(TestRunner.java:505)
at org.testng.SuiteRunner.runTest(SuiteRunner.java:455)
at org.testng.SuiteRunner.access$000(SuiteRunner.java:40)
at org.testng.SuiteRunner$SuiteWorker.run(SuiteRunner.java:489)
at org.testng.internal.thread.ThreadUtil$1.call(ThreadUtil.java:52)
at java.util.concurrent.FutureTask.run(FutureTask.java:266)
at java.util.concurrent.ThreadPoolExecutor.runWorker(ThreadPoolExecutor.java:1149)
at java.util.concurrent.ThreadPoolExecutor$Worker.run(ThreadPoolExecutor.java:624)
at java.lang.Thread.run(Thread.java:748)
]]>
            </full-stacktrace>
          </exception> <!-- java.lang.AssertionError -->
          <reporter-output>
          </reporter-output>
        </test-method> <!-- Pricedresses -->
        <test-method status="FAIL" signature="Discountdresses(java.lang.String)[pri:0, instance:com.qa.tests.DressesPageTest@6974a715]" name="Discountdresses" duration-ms="10076" started-at="2020-11-01T02:13:50Z" finished-at="2020-11-01T02:14:00Z">
          <params>
            <param index="0">
              <value>
                <![CDATA[STORY-123]]>
              </value>
            </param>
          </params>
          <exception class="java.lang.AssertionError">
            <message>
              <![CDATA[lists don't have the same size expected [2] but found [0]]]>
            </message>
            <full-stacktrace>
              <![CDATA[java.lang.AssertionError: lists don't have the same size expected [2] but found [0]
at org.testng.Assert.fail(Assert.java:96)
at org.testng.Assert.failNotEquals(Assert.java:776)
at org.testng.Assert.assertEqualsImpl(Assert.java:137)
at org.testng.Assert.assertEquals(Assert.java:118)
at org.testng.Assert.assertEquals(Assert.java:652)
at org.testng.Assert.assertEquals(Assert.java:819)
at org.testng.Assert.assertEquals(Assert.java:796)
at com.qa.tests.DressesPageTest.Discountdresses(DressesPageTest.java:62)
at sun.reflect.NativeMethodAccessorImpl.invoke0(Native Method)
at sun.reflect.NativeMethodAccessorImpl.invoke(NativeMethodAccessorImpl.java:62)
at sun.reflect.DelegatingMethodAccessorImpl.invoke(DelegatingMethodAccessorImpl.java:43)
at java.lang.reflect.Method.invoke(Method.java:498)
at org.testng.internal.MethodInvocationHelper.invokeMethod(MethodInvocationHelper.java:124)
at org.testng.internal.Invoker.invokeMethod(Invoker.java:583)
at org.testng.internal.Invoker.invokeTestMethod(Invoker.java:719)
at org.testng.internal.Invoker.invokeTestMethods(Invoker.java:989)
at org.testng.internal.TestMethodWorker.invokeTestMethods(TestMethodWorker.java:125)
at org.testng.internal.TestMethodWorker.run(TestMethodWorker.java:109)
at org.testng.TestRunner.privateRun(TestRunner.java:648)
at org.testng.TestRunner.run(TestRunner.java:505)
at org.testng.SuiteRunner.runTest(SuiteRunner.java:455)
at org.testng.SuiteRunner.access$000(SuiteRunner.java:40)
at org.testng.SuiteRunner$SuiteWorker.run(SuiteRunner.java:489)
at org.testng.internal.thread.ThreadUtil$1.call(ThreadUtil.java:52)
at java.util.concurrent.FutureTask.run(FutureTask.java:266)
at java.util.concurrent.ThreadPoolExecutor.runWorker(ThreadPoolExecutor.java:1149)
at java.util.concurrent.ThreadPoolExecutor$Worker.run(ThreadPoolExecutor.java:624)
at java.lang.Thread.run(Thread.java:748)
]]>
            </full-stacktrace>
          </exception> <!-- java.lang.AssertionError -->
          <reporter-output>
          </reporter-output>
        </test-method> <!-- Discountdresses -->
        <test-method status="PASS" signature="teardown()[pri:0, instance:com.qa.tests.DressesPageTest@6974a715]" name="teardown" is-config="true" duration-ms="889" started-at="2020-11-01T02:14:00Z" finished-at="2020-11-01T02:14:01Z">
          <reporter-output>
          </reporter-output>
        </test-method> <!-- teardown -->
      </class> <!-- com.qa.tests.DressesPageTest -->
    </test> <!-- Ecommerce DressesPage -->
  </suite> <!-- Ecommerce regression suite -->
</testng-results>
