<?xml version="1.0" encoding="UTF-8"?>
<!-- Generated by org.testng.reporters.JUnitXMLReporter -->
<testsuite hostname="LAPTOP-9738CE5M" ignored="1" name="Ecommerce DressesPage" tests="3" failures="3" timestamp="01 Nov 2020 02:14:01 GMT" time="49.339" errors="0">
  <testcase name="Listdresses" time="10.067" classname="com.qa.tests.DressesPageTest">
    <failure type="java.lang.AssertionError" message="lists don&amp;apos;t have the same size expected [5] but found [0]">
      <![CDATA[java.lang.AssertionError: lists don't have the same size expected [5] but found [0]
at com.qa.tests.DressesPageTest.Listdresses(DressesPageTest.java:42)
at java.util.concurrent.FutureTask.run(FutureTask.java:266)
at java.util.concurrent.ThreadPoolExecutor.runWorker(ThreadPoolExecutor.java:1149)
at java.util.concurrent.ThreadPoolExecutor$Worker.run(ThreadPoolExecutor.java:624)
at java.lang.Thread.run(Thread.java:748)
... Removed 23 stack frames]]>
    </failure>
  </testcase> <!-- Listdresses -->
  <testcase name="Pricedresses" time="10.075" classname="com.qa.tests.DressesPageTest">
    <failure type="java.lang.AssertionError" message="lists don&amp;apos;t have the same size expected [5] but found [0]">
      <![CDATA[java.lang.AssertionError: lists don't have the same size expected [5] but found [0]
at com.qa.tests.DressesPageTest.Pricedresses(DressesPageTest.java:52)
at java.util.concurrent.FutureTask.run(FutureTask.java:266)
at java.util.concurrent.ThreadPoolExecutor.runWorker(ThreadPoolExecutor.java:1149)
at java.util.concurrent.ThreadPoolExecutor$Worker.run(ThreadPoolExecutor.java:624)
at java.lang.Thread.run(Thread.java:748)
... Removed 23 stack frames]]>
    </failure>
  </testcase> <!-- Pricedresses -->
  <testcase name="Discountdresses" time="10.076" classname="com.qa.tests.DressesPageTest">
    <failure type="java.lang.AssertionError" message="lists don&amp;apos;t have the same size expected [2] but found [0]">
      <![CDATA[java.lang.AssertionError: lists don't have the same size expected [2] but found [0]
at com.qa.tests.DressesPageTest.Discountdresses(DressesPageTest.java:62)
at java.util.concurrent.FutureTask.run(FutureTask.java:266)
at java.util.concurrent.ThreadPoolExecutor.runWorker(ThreadPoolExecutor.java:1149)
at java.util.concurrent.ThreadPoolExecutor$Worker.run(ThreadPoolExecutor.java:624)
at java.lang.Thread.run(Thread.java:748)
... Removed 23 stack frames]]>
    </failure>
  </testcase> <!-- Discountdresses -->
  <testcase name="numberDresses" time="0.0" classname="com.qa.tests.DressesPageTest">
    <ignored/>
  </testcase> <!-- numberDresses -->
</testsuite> <!-- Ecommerce DressesPage -->
